[01m[K/home/kiyi/lidar_slam_ws/src/lidar_slam/src/point_process.cpp:[m[K In member function ‘[01m[Kvoid PointCloudProcessor::handleFirstFrame(pcl::PointCloud<pcl::PointXYZ>::Ptr, double)[m[K’:
[01m[K/home/kiyi/lidar_slam_ws/src/lidar_slam/src/point_process.cpp:128:5:[m[K [01;31m[Kerror: [m[K‘[01m[KcomputeCenterPoint[m[K’ was not declared in this scope
  128 |     [01;31m[KcomputeCenterPoint[m[K(cloud_001, center_point_map);
      |     [01;31m[K^~~~~~~~~~~~~~~~~~[m[K
[01m[K/home/kiyi/lidar_slam_ws/src/lidar_slam/src/point_process.cpp:[m[K In function ‘[01m[Kpcl::PointCloud<pcl::PointXYZ>::Ptr filterPointCloudByHeight(pcl::PointCloud<pcl::PointXYZ>::Ptr, float)[m[K’:
[01m[K/home/kiyi/lidar_slam_ws/src/lidar_slam/src/point_process.cpp:146:5:[m[K [01;31m[Kerror: [m[K‘[01m[KfilterPointCloudByField[m[K’ was not declared in this scope; did you mean ‘[01m[KfilterPointCloudByHeight[m[K’?
  146 |     [01;31m[KfilterPointCloudByField[m[K(cloud, filtered_cloud, "z", height_threshold);
      |     [01;31m[K^~~~~~~~~~~~~~~~~~~~~~~[m[K
      |     [32m[KfilterPointCloudByHeight[m[K
[01m[K/home/kiyi/lidar_slam_ws/src/lidar_slam/src/point_process.cpp:[m[K In function ‘[01m[KEigen::Matrix4f registerPointClouds(pcl::PointCloud<pcl::PointXYZ>::Ptr, pcl::PointCloud<pcl::PointXYZ>::Ptr)[m[K’:
[01m[K/home/kiyi/lidar_slam_ws/src/lidar_slam/src/point_process.cpp:153:12:[m[K [01;31m[Kerror: [m[K‘[01m[Kgicp_registration[m[K’ was not declared in this scope
  153 |     return [01;31m[Kgicp_registration[m[K(current_cloud, last_cloud, Final_icp);
      |            [01;31m[K^~~~~~~~~~~~~~~~~[m[K
[01m[K/home/kiyi/lidar_slam_ws/src/lidar_slam/src/point_process.cpp:[m[K In member function ‘[01m[Kvoid PointCloudProcessor::optimizeAndPublishAll()[m[K’:
[01m[K/home/kiyi/lidar_slam_ws/src/lidar_slam/src/point_process.cpp:181:9:[m[K [01;31m[Kerror: [m[K‘[01m[KrecordTrajectory[m[K’ was not declared in this scope
  181 |         [01;31m[KrecordTrajectory[m[K("Optimization_once_gicp_100.csv", transformations[i], timestamps_buffer[i]);
      |         [01;31m[K^~~~~~~~~~~~~~~~[m[K
[01m[K/home/kiyi/lidar_slam_ws/src/lidar_slam/src/point_process.cpp:[m[K In member function ‘[01m[Kvoid PointCloudProcessor::updateAndPublishRecent()[m[K’:
[01m[K/home/kiyi/lidar_slam_ws/src/lidar_slam/src/point_process.cpp:196:5:[m[K [01;31m[Kerror: [m[K‘[01m[KrecordTrajectory[m[K’ was not declared in this scope
  196 |     [01;31m[KrecordTrajectory[m[K("Optimization_once_gicp_100.csv", transformations.back(), timestamps_buffer.back());
      |     [01;31m[K^~~~~~~~~~~~~~~~[m[K
[01m[K/home/kiyi/lidar_slam_ws/src/lidar_slam/src/point_process.cpp:[m[K At global scope:
[01m[K/home/kiyi/lidar_slam_ws/src/lidar_slam/src/point_process.cpp:220:6:[m[K [01;31m[Kerror: [m[Kno declaration matches ‘[01m[Kvoid PointCloudProcessor::recordTrajectory(const string&, const Matrix4f&, double)[m[K’
  220 | void [01;31m[KPointCloudProcessor[m[K::recordTrajectory(const std::string &filename, const Eigen::Matrix4f &transformation_total_, double timestamp_)
      |      [01;31m[K^~~~~~~~~~~~~~~~~~~[m[K
[01m[K/home/kiyi/lidar_slam_ws/src/lidar_slam/src/point_process.cpp:220:6:[m[K [01;36m[Knote: [m[Kno functions named ‘[01m[Kvoid PointCloudProcessor::recordTrajectory(const string&, const Matrix4f&, double)[m[K’
In file included from [01m[K/home/kiyi/lidar_slam_ws/src/lidar_slam/src/point_process.cpp:1[m[K:
[01m[K/home/kiyi/lidar_slam_ws/src/lidar_slam/include/point_process.h:49:7:[m[K [01;36m[Knote: [m[K‘[01m[Kclass PointCloudProcessor[m[K’ defined here
   49 | class [01;36m[KPointCloudProcessor[m[K
      |       [01;36m[K^~~~~~~~~~~~~~~~~~~[m[K
[01m[K/home/kiyi/lidar_slam_ws/src/lidar_slam/src/point_process.cpp:284:17:[m[K [01;31m[Kerror: [m[Kno declaration matches ‘[01m[KEigen::Matrix4f PointCloudProcessor::computeTransformation(const Vector3f&, const Vector3f&)[m[K’
  284 | Eigen::Matrix4f [01;31m[KPointCloudProcessor[m[K::computeTransformation(const Eigen::Vector3f &point1, const Eigen::Vector3f &point2)
      |                 [01;31m[K^~~~~~~~~~~~~~~~~~~[m[K
[01m[K/home/kiyi/lidar_slam_ws/src/lidar_slam/src/point_process.cpp:284:17:[m[K [01;36m[Knote: [m[Kno functions named ‘[01m[KEigen::Matrix4f PointCloudProcessor::computeTransformation(const Vector3f&, const Vector3f&)[m[K’
In file included from [01m[K/home/kiyi/lidar_slam_ws/src/lidar_slam/src/point_process.cpp:1[m[K:
[01m[K/home/kiyi/lidar_slam_ws/src/lidar_slam/include/point_process.h:49:7:[m[K [01;36m[Knote: [m[K‘[01m[Kclass PointCloudProcessor[m[K’ defined here
   49 | class [01;36m[KPointCloudProcessor[m[K
      |       [01;36m[K^~~~~~~~~~~~~~~~~~~[m[K
[01m[K/home/kiyi/lidar_slam_ws/src/lidar_slam/src/point_process.cpp:296:17:[m[K [01;31m[Kerror: [m[Kno declaration matches ‘[01m[KEigen::Matrix3f PointCloudProcessor::computeRotation(const Vector3f&, const Vector3f&)[m[K’
  296 | Eigen::Matrix3f [01;31m[KPointCloudProcessor[m[K::computeRotation(const Eigen::Vector3f &point1, const Eigen::Vector3f &point2)
      |                 [01;31m[K^~~~~~~~~~~~~~~~~~~[m[K
[01m[K/home/kiyi/lidar_slam_ws/src/lidar_slam/src/point_process.cpp:296:17:[m[K [01;36m[Knote: [m[Kno functions named ‘[01m[KEigen::Matrix3f PointCloudProcessor::computeRotation(const Vector3f&, const Vector3f&)[m[K’
In file included from [01m[K/home/kiyi/lidar_slam_ws/src/lidar_slam/src/point_process.cpp:1[m[K:
[01m[K/home/kiyi/lidar_slam_ws/src/lidar_slam/include/point_process.h:49:7:[m[K [01;36m[Knote: [m[K‘[01m[Kclass PointCloudProcessor[m[K’ defined here
   49 | class [01;36m[KPointCloudProcessor[m[K
      |       [01;36m[K^~~~~~~~~~~~~~~~~~~[m[K
[01m[K/home/kiyi/lidar_slam_ws/src/lidar_slam/src/point_process.cpp:359:17:[m[K [01;31m[Kerror: [m[Kno declaration matches ‘[01m[KEigen::Matrix4f PointCloudProcessor::calculateCorrespondenceDistances(const Ptr&, const Ptr&)[m[K’
  359 | Eigen::Matrix4f [01;31m[KPointCloudProcessor[m[K::calculateCorrespondenceDistances(const pcl::PointCloud<pcl::PointXYZ>::Ptr &Final,
      |                 [01;31m[K^~~~~~~~~~~~~~~~~~~[m[K
In file included from [01m[K/home/kiyi/lidar_slam_ws/src/lidar_slam/src/point_process.cpp:1[m[K:
[01m[K/home/kiyi/lidar_slam_ws/src/lidar_slam/include/point_process.h:62:11:[m[K [01;36m[Knote: [m[Kcandidate is: ‘[01m[Kfloat PointCloudProcessor::calculateCorrespondenceDistances(const Ptr&, const Ptr&)[m[K’
   62 |     float [01;36m[KcalculateCorrespondenceDistances[m[K(const pcl::PointCloud<pcl::PointXYZ>::Ptr &Final,
      |           [01;36m[K^~~~~~~~~~~~~~~~~~~~~~~~~~~~~~~~[m[K
[01m[K/home/kiyi/lidar_slam_ws/src/lidar_slam/include/point_process.h:49:7:[m[K [01;36m[Knote: [m[K‘[01m[Kclass PointCloudProcessor[m[K’ defined here
   49 | class [01;36m[KPointCloudProcessor[m[K
      |       [01;36m[K^~~~~~~~~~~~~~~~~~~[m[K
[01m[K/home/kiyi/lidar_slam_ws/src/lidar_slam/src/point_process.cpp:[m[K In member function ‘[01m[Kvoid PointCloudProcessor::process_pointcloud(const ConstPtr&)[m[K’:
[01m[K/home/kiyi/lidar_slam_ws/src/lidar_slam/src/point_process.cpp:477:26:[m[K [01;31m[Kerror: [m[K‘[01m[Kcloud_001[m[K’ was not declared in this scope
  477 |         handleFirstFrame([01;31m[Kcloud_001[m[K, pc_msg->header.stamp.toSec());
      |                          [01;31m[K^~~~~~~~~[m[K
[01m[K/home/kiyi/lidar_slam_ws/src/lidar_slam/src/point_process.cpp:482:24:[m[K [01;31m[Kerror: [m[K‘[01m[Kcloud_001[m[K’ was not declared in this scope
  482 |     computeCenterPoint([01;31m[Kcloud_001[m[K, center_point_current);
      |                        [01;31m[K^~~~~~~~~[m[K
[01m[K/home/kiyi/lidar_slam_ws/src/lidar_slam/src/point_process.cpp:483:30:[m[K [01;31m[Kerror: [m[K‘[01m[KcomputeTransformation[m[K’ was not declared in this scope
  483 |     reality_transformation = [01;31m[KcomputeTransformation[m[K(center_point_current, center_point_map);
      |                              [01;31m[K^~~~~~~~~~~~~~~~~~~~~[m[K
[01m[K/home/kiyi/lidar_slam_ws/src/lidar_slam/src/point_process.cpp:484:5:[m[K [01;31m[Kerror: [m[K‘[01m[KrecordTrajectory[m[K’ was not declared in this scope
  484 |     [01;31m[KrecordTrajectory[m[K("reality_trajectory_improved.csv", reality_transformation, timestamp);
      |     [01;31m[K^~~~~~~~~~~~~~~~[m[K
make[2]: *** [CMakeFiles/lidar_slam.dir/build.make:76：CMakeFiles/lidar_slam.dir/src/point_process.cpp.o] 错误 1
make[1]: *** [CMakeFiles/Makefile2:2297：CMakeFiles/lidar_slam.dir/all] 错误 2
make: *** [Makefile:141：all] 错误 2
