In file included from [01m[K/home/kiyi/lidar_slam_ws/src/lidar_slam/src/point_process.cpp:1[m[K:
[01m[K/home/kiyi/lidar_slam_ws/src/lidar_slam/include/point_process.h:74:52:[m[K [01;31m[Kerror: [m[K‘[01m[Ks[m[K’ does not name a type
   74 |     pcl::PointCloud<pcl::PointXYZ>::Ptr map_points;[01;31m[Ks[m[K
      |                                                    [01;31m[K^[m[K
[01m[K/home/kiyi/lidar_slam_ws/src/lidar_slam/src/point_process.cpp:[m[K In constructor ‘[01m[KPointCloudProcessor::PointCloudProcessor()[m[K’:
[01m[K/home/kiyi/lidar_slam_ws/src/lidar_slam/src/point_process.cpp:12:5:[m[K [01;31m[Kerror: [m[K‘[01m[Klast_frame_points[m[K’ was not declared in this scope; did you mean ‘[01m[Kcurrent_frame_points[m[K’?
   12 |     [01;31m[Klast_frame_points[m[K = pcl::PointCloud<pcl::PointXYZ>::Ptr(new pcl::PointCloud<pcl::PointXYZ>());
      |     [01;31m[K^~~~~~~~~~~~~~~~~[m[K
      |     [32m[Kcurrent_frame_points[m[K
[01m[K/home/kiyi/lidar_slam_ws/src/lidar_slam/src/point_process.cpp:[m[K In member function ‘[01m[Kvoid PointCloudProcessor::process_pointcloud(const ConstPtr&)[m[K’:
[01m[K/home/kiyi/lidar_slam_ws/src/lidar_slam/src/point_process.cpp:320:10:[m[K [01;31m[Kerror: [m[K‘[01m[Klast_frame_points[m[K’ was not declared in this scope; did you mean ‘[01m[Kcurrent_frame_points[m[K’?
  320 |         *[01;31m[Klast_frame_points[m[K = *cloud;
      |          [01;31m[K^~~~~~~~~~~~~~~~~[m[K
      |          [32m[Kcurrent_frame_points[m[K
[01m[K/home/kiyi/lidar_slam_ws/src/lidar_slam/src/point_process.cpp:328:29:[m[K [01;31m[Kerror: [m[K‘[01m[Klast_frame_points[m[K’ was not declared in this scope; did you mean ‘[01m[Kcurrent_frame_points[m[K’?
  328 |     filterPointCloudByField([01;31m[Klast_frame_points[m[K, last_frame_points_filtered);
      |                             [01;31m[K^~~~~~~~~~~~~~~~~[m[K
      |                             [32m[Kcurrent_frame_points[m[K
make[2]: *** [CMakeFiles/lidar_slam.dir/build.make:76：CMakeFiles/lidar_slam.dir/src/point_process.cpp.o] 错误 1
make[1]: *** [CMakeFiles/Makefile2:2297：CMakeFiles/lidar_slam.dir/all] 错误 2
make: *** [Makefile:141：all] 错误 2
