** WARNING ** io features related to pcap will be disabled
** WARNING ** io features related to png will be disabled
** WARNING ** io features related to libusb-1.0 will be disabled
CMake Warning (dev) at /usr/share/cmake-3.16/Modules/FindOpenGL.cmake:275 (message):
  Policy CMP0072 is not set: FindOpenGL prefers GLVND by default when
  available.  Run "cmake --help-policy CMP0072" for policy details.  Use the
  cmake_policy command to set the policy and suppress this warning.

  FindOpenGL found both a legacy GL library:

    OPENGL_gl_LIBRARY: /usr/lib/x86_64-linux-gnu/libGL.so

  and GLVND libraries for OpenGL and GLX:

    OPENGL_opengl_LIBRARY: /usr/lib/x86_64-linux-gnu/libOpenGL.so
    OPENGL_glx_LIBRARY: /usr/lib/x86_64-linux-gnu/libGLX.so

  OpenGL_GL_PREFERENCE has not been set to "GLVND" or "LEGACY", so for
  compatibility with CMake 3.10 and below the legacy GL library will be used.
[36mCall Stack (most recent call first):[0m
  /usr/share/cmake-3.16/Modules/CMakeFindDependencyMacro.cmake:47 (find_package)
  /usr/local/lib/cmake/g2o/g2oConfig.cmake:4 (find_dependency)
  CMakeLists.txt:248 (find_package)
This warning is for project developers.  Use -Wno-dev to suppress it.

[31m[1mCMake Error[0m at /home/kiyi/lidar_slam_ws/src/lidar_slam/CMakeLists.txt:249 (find_package):
  By not providing "FindSuiteSparse.cmake" in CMAKE_MODULE_PATH this project
  has asked CMake to find a package configuration file provided by
  "SuiteSparse", but CMake did not find one.

  Could not find a package configuration file provided by "SuiteSparse" with
  any of the following names:

    SuiteSparseConfig.cmake
    suitesparse-config.cmake

  Add the installation prefix of "SuiteSparse" to CMAKE_PREFIX_PATH or set
  "SuiteSparse_DIR" to a directory containing one of the above files.  If
  "SuiteSparse" provides a separate development package or SDK, be sure it
  has been installed.


make: *** [Makefile:1486：cmake_check_build_system] 错误 1
