[01m[K/home/kiyi/lidar_slam_ws/src/lidar_slam/src/point_process.cpp:243:6:[m[K [01;31m[Kerror: [m[Kno declaration matches ‘[01m[Kvoid PointCloudProcessor::filterPointCloudByField(const Ptr&, pcl::PointCloud<pcl::PointXYZ>::Ptr&, pcl::PointXYZ&, bool)[m[K’
  243 | void [01;31m[KPointCloudProcessor[m[K::filterPointCloudByField(const pcl::PointCloud<pcl::PointXYZ>::Ptr &input_cloud,
      |      [01;31m[K^~~~~~~~~~~~~~~~~~~[m[K
In file included from [01m[K/home/kiyi/lidar_slam_ws/src/lidar_slam/src/point_process.cpp:1[m[K:
[01m[K/home/kiyi/lidar_slam_ws/src/lidar_slam/include/point_process.h:77:10:[m[K [01;36m[Knote: [m[Kcandidate is: ‘[01m[Kvoid PointCloudProcessor::filterPointCloudByField(const Ptr&, pcl::PointCloud<pcl::PointXYZ>::Ptr&)[m[K’
   77 |     void [01;36m[KfilterPointCloudByField[m[K(const pcl::PointCloud<pcl::PointXYZ>::Ptr &input_cloud,
      |          [01;36m[K^~~~~~~~~~~~~~~~~~~~~~~[m[K
[01m[K/home/kiyi/lidar_slam_ws/src/lidar_slam/include/point_process.h:45:7:[m[K [01;36m[Knote: [m[K‘[01m[Kclass PointCloudProcessor[m[K’ defined here
   45 | class [01;36m[KPointCloudProcessor[m[K
      |       [01;36m[K^~~~~~~~~~~~~~~~~~~[m[K
[01m[K/home/kiyi/lidar_slam_ws/src/lidar_slam/src/point_process.cpp:[m[K In member function ‘[01m[Kvoid PointCloudProcessor::process_pointcloud(const ConstPtr&)[m[K’:
[01m[K/home/kiyi/lidar_slam_ws/src/lidar_slam/src/point_process.cpp:529:76:[m[K [01;31m[Kerror: [m[Kno matching function for call to ‘[01m[KPointCloudProcessor::filterPointCloudByField(pcl::PointCloud<pcl::PointXYZ>::Ptr&, pcl::PointCloud<pcl::PointXYZ>::Ptr&, pcl::PointXYZ&, bool)[m[K’
  529 |         filterPointCloudByField(cloud, filter_cloud, center_point_map, true[01;31m[K)[m[K;
      |                                                                            [01;31m[K^[m[K
In file included from [01m[K/home/kiyi/lidar_slam_ws/src/lidar_slam/src/point_process.cpp:1[m[K:
[01m[K/home/kiyi/lidar_slam_ws/src/lidar_slam/include/point_process.h:77:10:[m[K [01;36m[Knote: [m[Kcandidate: ‘[01m[Kvoid PointCloudProcessor::filterPointCloudByField(const Ptr&, pcl::PointCloud<pcl::PointXYZ>::Ptr&)[m[K’
   77 |     void [01;36m[KfilterPointCloudByField[m[K(const pcl::PointCloud<pcl::PointXYZ>::Ptr &input_cloud,
      |          [01;36m[K^~~~~~~~~~~~~~~~~~~~~~~[m[K
[01m[K/home/kiyi/lidar_slam_ws/src/lidar_slam/include/point_process.h:77:10:[m[K [01;36m[Knote: [m[K  candidate expects 2 arguments, 4 provided
[01m[K/home/kiyi/lidar_slam_ws/src/lidar_slam/src/point_process.cpp:537:50:[m[K [01;31m[Kerror: [m[K‘[01m[Kcenter_point_current[m[K’ was not declared in this scope; did you mean ‘[01m[Kcenter_point_map[m[K’?
  537 |     filterPointCloudByField(cloud, filter_cloud, [01;31m[Kcenter_point_current[m[K, true);
      |                                                  [01;31m[K^~~~~~~~~~~~~~~~~~~~[m[K
      |                                                  [32m[Kcenter_point_map[m[K
[01m[K/home/kiyi/lidar_slam_ws/src/lidar_slam/src/point_process.cpp:538:5:[m[K [01;31m[Kerror: [m[K‘[01m[Kreality_transformation[m[K’ was not declared in this scope
  538 |     [01;31m[Kreality_transformation[m[K = computeTransformation(center_point_map, center_point_current);
      |     [01;31m[K^~~~~~~~~~~~~~~~~~~~~~[m[K
make[2]: *** [CMakeFiles/lidar_slam.dir/build.make:76：CMakeFiles/lidar_slam.dir/src/point_process.cpp.o] 错误 1
make[1]: *** [CMakeFiles/Makefile2:2297：CMakeFiles/lidar_slam.dir/all] 错误 2
make: *** [Makefile:141：all] 错误 2
