[01m[K/home/gongyou/Documents/01_slam/lidar_slam_ws/src/lidar_slam/src/point_process.cpp:[m[K In member function ‘[01m[Kvoid PointCloudProcessor::process_pointcloud(const ConstPtr&)[m[K’:
[01m[K/home/gongyou/Documents/01_slam/lidar_slam_ws/src/lidar_slam/src/point_process.cpp:286:5:[m[K [01;31m[Kerror: [m[K‘[01m[Kcout[m[K’ was not declared in this scope; did you mean ‘[01m[Kstd::cout[m[K’?
  286 |     [01;31m[Kcout[m[K<<"last_frame_points size: "<<last_frame_points->size()<<endl;
      |     [01;31m[K^~~~[m[K
      |     [32m[Kstd::cout[m[K
In file included from [01m[K/opt/ros/noetic/include/ros/time.h:54[m[K,
                 from [01m[K/opt/ros/noetic/include/ros/ros.h:38[m[K,
                 from [01m[K/home/gongyou/Documents/01_slam/lidar_slam_ws/src/lidar_slam/include/point_process.h:4[m[K,
                 from [01m[K/home/gongyou/Documents/01_slam/lidar_slam_ws/src/lidar_slam/src/point_process.cpp:1[m[K:
[01m[K/usr/include/c++/9/iostream:61:18:[m[K [01;36m[Knote: [m[K‘[01m[Kstd::cout[m[K’ declared here
   61 |   extern ostream [01;36m[Kcout[m[K;  /// Linked to standard output
      |                  [01;36m[K^~~~[m[K
[01m[K/home/gongyou/Documents/01_slam/lidar_slam_ws/src/lidar_slam/src/point_process.cpp:286:66:[m[K [01;31m[Kerror: [m[K‘[01m[Kendl[m[K’ was not declared in this scope; did you mean ‘[01m[Kstd::endl[m[K’?
  286 |     cout<<"last_frame_points size: "<<last_frame_points->size()<<[01;31m[Kendl[m[K;
      |                                                                  [01;31m[K^~~~[m[K
      |                                                                  [32m[Kstd::endl[m[K
In file included from [01m[K/usr/include/c++/9/iostream:39[m[K,
                 from [01m[K/opt/ros/noetic/include/ros/time.h:54[m[K,
                 from [01m[K/opt/ros/noetic/include/ros/ros.h:38[m[K,
                 from [01m[K/home/gongyou/Documents/01_slam/lidar_slam_ws/src/lidar_slam/include/point_process.h:4[m[K,
                 from [01m[K/home/gongyou/Documents/01_slam/lidar_slam_ws/src/lidar_slam/src/point_process.cpp:1[m[K:
[01m[K/usr/include/c++/9/ostream:599:5:[m[K [01;36m[Knote: [m[K‘[01m[Kstd::endl[m[K’ declared here
  599 |     [01;36m[Kendl[m[K(basic_ostream<_CharT, _Traits>& __os)
      |     [01;36m[K^~~~[m[K
make[2]: *** [CMakeFiles/lidar_slam.dir/build.make:76：CMakeFiles/lidar_slam.dir/src/point_process.cpp.o] 错误 1
make[1]: *** [CMakeFiles/Makefile2:2238：CMakeFiles/lidar_slam.dir/all] 错误 2
make: *** [Makefile:141：all] 错误 2
