[01m[K/home/gongyou/Documents/01_slam/lidar_slam_ws/src/lidar_slam/src/point_process.cpp:[m[K In constructor ‘[01m[KPointCloudProcessor::PointCloudProcessor()[m[K’:
[01m[K/home/gongyou/Documents/01_slam/lidar_slam_ws/src/lidar_slam/src/point_process.cpp:6:5:[m[K [01;31m[Kerror: [m[K‘[01m[Kpc_icp_pub[m[K’ was not declared in this scope; did you mean ‘[01m[Kpc_gicp_pub[m[K’?
    6 |     [01;31m[Kpc_icp_pub[m[K = nh.advertise<sensor_msgs::PointCloud2>("/Icp_pointcloud", 10);
      |     [01;31m[K^~~~~~~~~~[m[K
      |     [32m[Kpc_gicp_pub[m[K
[01m[K/home/gongyou/Documents/01_slam/lidar_slam_ws/src/lidar_slam/src/point_process.cpp:7:5:[m[K [01;31m[Kerror: [m[K‘[01m[Kpc_ndt_pub[m[K’ was not declared in this scope; did you mean ‘[01m[Kpc_pub[m[K’?
    7 |     [01;31m[Kpc_ndt_pub[m[K = nh.advertise<sensor_msgs::PointCloud2>("/Ndt_pointcloud", 10);
      |     [01;31m[K^~~~~~~~~~[m[K
      |     [32m[Kpc_pub[m[K
[01m[K/home/gongyou/Documents/01_slam/lidar_slam_ws/src/lidar_slam/src/point_process.cpp:[m[K At global scope:
[01m[K/home/gongyou/Documents/01_slam/lidar_slam_ws/src/lidar_slam/src/point_process.cpp:13:6:[m[K [01;31m[Kerror: [m[Kno declaration matches ‘[01m[Kvoid PointCloudProcessor::publish_pointcloud(const Ptr&, const string&, ros::Publisher&)[m[K’
   13 | void [01;31m[KPointCloudProcessor[m[K::publish_pointcloud(const pcl::PointCloud<pcl::PointXYZ>::Ptr &points, const std::string &frame_id, ros::Publisher &pub)
      |      [01;31m[K^~~~~~~~~~~~~~~~~~~[m[K
In file included from [01m[K/home/gongyou/Documents/01_slam/lidar_slam_ws/src/lidar_slam/src/point_process.cpp:1[m[K:
[01m[K/home/gongyou/Documents/01_slam/lidar_slam_ws/src/lidar_slam/include/point_process.h:22:10:[m[K [01;36m[Knote: [m[Kcandidate is: ‘[01m[Kvoid PointCloudProcessor::publish_pointcloud(const Ptr&, const string&)[m[K’
   22 |     void [01;36m[Kpublish_pointcloud[m[K(const pcl::PointCloud<pcl::PointXYZ>::Ptr& points, const std::string& frame_id);
      |          [01;36m[K^~~~~~~~~~~~~~~~~~[m[K
[01m[K/home/gongyou/Documents/01_slam/lidar_slam_ws/src/lidar_slam/include/point_process.h:14:7:[m[K [01;36m[Knote: [m[K‘[01m[Kclass PointCloudProcessor[m[K’ defined here
   14 | class [01;36m[KPointCloudProcessor[m[K {
      |       [01;36m[K^~~~~~~~~~~~~~~~~~~[m[K
[01m[K/home/gongyou/Documents/01_slam/lidar_slam_ws/src/lidar_slam/src/point_process.cpp:[m[K In member function ‘[01m[Kvoid PointCloudProcessor::process_pointcloud(const ConstPtr&)[m[K’:
[01m[K/home/gongyou/Documents/01_slam/lidar_slam_ws/src/lidar_slam/src/point_process.cpp:60:48:[m[K [01;31m[Kerror: [m[Kno matching function for call to ‘[01m[KPointCloudProcessor::publish_pointcloud(pcl::PointCloud<pcl::PointXYZ>::Ptr&, const char [4], ros::Publisher&)[m[K’
   60 |     publish_pointcloud(cloud_src, "map", pc_pub[01;31m[K)[m[K;
      |                                                [01;31m[K^[m[K
In file included from [01m[K/home/gongyou/Documents/01_slam/lidar_slam_ws/src/lidar_slam/src/point_process.cpp:1[m[K:
[01m[K/home/gongyou/Documents/01_slam/lidar_slam_ws/src/lidar_slam/include/point_process.h:22:10:[m[K [01;36m[Knote: [m[Kcandidate: ‘[01m[Kvoid PointCloudProcessor::publish_pointcloud(const Ptr&, const string&)[m[K’
   22 |     void [01;36m[Kpublish_pointcloud[m[K(const pcl::PointCloud<pcl::PointXYZ>::Ptr& points, const std::string& frame_id);
      |          [01;36m[K^~~~~~~~~~~~~~~~~~[m[K
[01m[K/home/gongyou/Documents/01_slam/lidar_slam_ws/src/lidar_slam/include/point_process.h:22:10:[m[K [01;36m[Knote: [m[K  candidate expects 2 arguments, 3 provided
[01m[K/home/gongyou/Documents/01_slam/lidar_slam_ws/src/lidar_slam/src/point_process.cpp:68:42:[m[K [01;31m[Kerror: [m[K‘[01m[Kicp_registration[m[K’ was not declared in this scope
   68 |     Eigen::Matrix4f transformation_icp = [01;31m[Kicp_registration[m[K(cloud_src, cloud_tgt, Final_icp);
      |                                          [01;31m[K^~~~~~~~~~~~~~~~[m[K
[01m[K/home/gongyou/Documents/01_slam/lidar_slam_ws/src/lidar_slam/src/point_process.cpp:72:42:[m[K [01;31m[Kerror: [m[K‘[01m[Kndt_registration[m[K’ was not declared in this scope
   72 |     Eigen::Matrix4f transformation_ndt = [01;31m[Kndt_registration[m[K(cloud_src, cloud_tgt, Final_ndt);
      |                                          [01;31m[K^~~~~~~~~~~~~~~~[m[K
[01m[K/home/gongyou/Documents/01_slam/lidar_slam_ws/src/lidar_slam/src/point_process.cpp:76:43:[m[K [01;31m[Kerror: [m[K‘[01m[Kgicp_registration[m[K’ was not declared in this scope
   76 |     Eigen::Matrix4f transformation_gicp = [01;31m[Kgicp_registration[m[K(cloud_src, cloud_tgt, Final_gicp);
      |                                           [01;31m[K^~~~~~~~~~~~~~~~~[m[K
[01m[K/home/gongyou/Documents/01_slam/lidar_slam_ws/src/lidar_slam/src/point_process.cpp:80:42:[m[K [01;31m[Kerror: [m[K‘[01m[Kpc_icp_pub[m[K’ was not declared in this scope; did you mean ‘[01m[Kpc_gicp_pub[m[K’?
   80 |     publish_pointcloud(Final_icp, "map", [01;31m[Kpc_icp_pub[m[K);
      |                                          [01;31m[K^~~~~~~~~~[m[K
      |                                          [32m[Kpc_gicp_pub[m[K
[01m[K/home/gongyou/Documents/01_slam/lidar_slam_ws/src/lidar_slam/src/point_process.cpp:81:42:[m[K [01;31m[Kerror: [m[K‘[01m[Kpc_ndt_pub[m[K’ was not declared in this scope; did you mean ‘[01m[Kpc_pub[m[K’?
   81 |     publish_pointcloud(Final_ndt, "map", [01;31m[Kpc_ndt_pub[m[K);
      |                                          [01;31m[K^~~~~~~~~~[m[K
      |                                          [32m[Kpc_pub[m[K
[01m[K/home/gongyou/Documents/01_slam/lidar_slam_ws/src/lidar_slam/src/point_process.cpp:82:54:[m[K [01;31m[Kerror: [m[Kno matching function for call to ‘[01m[KPointCloudProcessor::publish_pointcloud(pcl::PointCloud<pcl::PointXYZ>::Ptr&, const char [4], ros::Publisher&)[m[K’
   82 |     publish_pointcloud(Final_gicp, "map", pc_gicp_pub[01;31m[K)[m[K;
      |                                                      [01;31m[K^[m[K
In file included from [01m[K/home/gongyou/Documents/01_slam/lidar_slam_ws/src/lidar_slam/src/point_process.cpp:1[m[K:
[01m[K/home/gongyou/Documents/01_slam/lidar_slam_ws/src/lidar_slam/include/point_process.h:22:10:[m[K [01;36m[Knote: [m[Kcandidate: ‘[01m[Kvoid PointCloudProcessor::publish_pointcloud(const Ptr&, const string&)[m[K’
   22 |     void [01;36m[Kpublish_pointcloud[m[K(const pcl::PointCloud<pcl::PointXYZ>::Ptr& points, const std::string& frame_id);
      |          [01;36m[K^~~~~~~~~~~~~~~~~~[m[K
[01m[K/home/gongyou/Documents/01_slam/lidar_slam_ws/src/lidar_slam/include/point_process.h:22:10:[m[K [01;36m[Knote: [m[K  candidate expects 2 arguments, 3 provided
[01m[K/home/gongyou/Documents/01_slam/lidar_slam_ws/src/lidar_slam/src/point_process.cpp:[m[K At global scope:
[01m[K/home/gongyou/Documents/01_slam/lidar_slam_ws/src/lidar_slam/src/point_process.cpp:85:17:[m[K [01;31m[Kerror: [m[Kno declaration matches ‘[01m[KEigen::Matrix4f PointCloudProcessor::icp_registration(const Ptr&, const Ptr&, pcl::PointCloud<pcl::PointXYZ>::Ptr&)[m[K’
   85 | Eigen::Matrix4f [01;31m[KPointCloudProcessor[m[K::icp_registration(const pcl::PointCloud<pcl::PointXYZ>::Ptr &cloud_src, const pcl::PointCloud<pcl::PointXYZ>::Ptr &cloud_tgt, pcl::PointCloud<pcl::PointXYZ>::Ptr &Final)
      |                 [01;31m[K^~~~~~~~~~~~~~~~~~~[m[K
[01m[K/home/gongyou/Documents/01_slam/lidar_slam_ws/src/lidar_slam/src/point_process.cpp:85:17:[m[K [01;36m[Knote: [m[Kno functions named ‘[01m[KEigen::Matrix4f PointCloudProcessor::icp_registration(const Ptr&, const Ptr&, pcl::PointCloud<pcl::PointXYZ>::Ptr&)[m[K’
In file included from [01m[K/home/gongyou/Documents/01_slam/lidar_slam_ws/src/lidar_slam/src/point_process.cpp:1[m[K:
[01m[K/home/gongyou/Documents/01_slam/lidar_slam_ws/src/lidar_slam/include/point_process.h:14:7:[m[K [01;36m[Knote: [m[K‘[01m[Kclass PointCloudProcessor[m[K’ defined here
   14 | class [01;36m[KPointCloudProcessor[m[K {
      |       [01;36m[K^~~~~~~~~~~~~~~~~~~[m[K
[01m[K/home/gongyou/Documents/01_slam/lidar_slam_ws/src/lidar_slam/src/point_process.cpp:94:17:[m[K [01;31m[Kerror: [m[Kno declaration matches ‘[01m[KEigen::Matrix4f PointCloudProcessor::ndt_registration(const Ptr&, const Ptr&, pcl::PointCloud<pcl::PointXYZ>::Ptr&)[m[K’
   94 | Eigen::Matrix4f [01;31m[KPointCloudProcessor[m[K::ndt_registration(const pcl::PointCloud<pcl::PointXYZ>::Ptr &cloud_src, const pcl::PointCloud<pcl::PointXYZ>::Ptr &cloud_tgt, pcl::PointCloud<pcl::PointXYZ>::Ptr &Final)
      |                 [01;31m[K^~~~~~~~~~~~~~~~~~~[m[K
[01m[K/home/gongyou/Documents/01_slam/lidar_slam_ws/src/lidar_slam/src/point_process.cpp:94:17:[m[K [01;36m[Knote: [m[Kno functions named ‘[01m[KEigen::Matrix4f PointCloudProcessor::ndt_registration(const Ptr&, const Ptr&, pcl::PointCloud<pcl::PointXYZ>::Ptr&)[m[K’
In file included from [01m[K/home/gongyou/Documents/01_slam/lidar_slam_ws/src/lidar_slam/src/point_process.cpp:1[m[K:
[01m[K/home/gongyou/Documents/01_slam/lidar_slam_ws/src/lidar_slam/include/point_process.h:14:7:[m[K [01;36m[Knote: [m[K‘[01m[Kclass PointCloudProcessor[m[K’ defined here
   14 | class [01;36m[KPointCloudProcessor[m[K {
      |       [01;36m[K^~~~~~~~~~~~~~~~~~~[m[K
[01m[K/home/gongyou/Documents/01_slam/lidar_slam_ws/src/lidar_slam/src/point_process.cpp:103:17:[m[K [01;31m[Kerror: [m[Kno declaration matches ‘[01m[KEigen::Matrix4f PointCloudProcessor::gicp_registration(const Ptr&, const Ptr&, pcl::PointCloud<pcl::PointXYZ>::Ptr&)[m[K’
  103 | Eigen::Matrix4f [01;31m[KPointCloudProcessor[m[K::gicp_registration(const pcl::PointCloud<pcl::PointXYZ>::Ptr &cloud_src, const pcl::PointCloud<pcl::PointXYZ>::Ptr &cloud_tgt, pcl::PointCloud<pcl::PointXYZ>::Ptr &Final)
      |                 [01;31m[K^~~~~~~~~~~~~~~~~~~[m[K
[01m[K/home/gongyou/Documents/01_slam/lidar_slam_ws/src/lidar_slam/src/point_process.cpp:103:17:[m[K [01;36m[Knote: [m[Kno functions named ‘[01m[KEigen::Matrix4f PointCloudProcessor::gicp_registration(const Ptr&, const Ptr&, pcl::PointCloud<pcl::PointXYZ>::Ptr&)[m[K’
In file included from [01m[K/home/gongyou/Documents/01_slam/lidar_slam_ws/src/lidar_slam/src/point_process.cpp:1[m[K:
[01m[K/home/gongyou/Documents/01_slam/lidar_slam_ws/src/lidar_slam/include/point_process.h:14:7:[m[K [01;36m[Knote: [m[K‘[01m[Kclass PointCloudProcessor[m[K’ defined here
   14 | class [01;36m[KPointCloudProcessor[m[K {
      |       [01;36m[K^~~~~~~~~~~~~~~~~~~[m[K
make[2]: *** [CMakeFiles/lidar_slam.dir/build.make:76：CMakeFiles/lidar_slam.dir/src/point_process.cpp.o] 错误 1
make[1]: *** [CMakeFiles/Makefile2:2238：CMakeFiles/lidar_slam.dir/all] 错误 2
make: *** [Makefile:141：all] 错误 2
