[01m[K/home/kiyi/lidar_slam_ws/src/lidar_slam/src/point_process.cpp:[m[K In function ‘[01m[Kvoid computeCenterPoint(const Ptr&, pcl::PointXYZ&)[m[K’:
[01m[K/home/kiyi/lidar_slam_ws/src/lidar_slam/src/point_process.cpp:289:18:[m[K [01;31m[Kerror: [m[K‘[01m[Koutput_cloud[m[K’ was not declared in this scope; did you mean ‘[01m[Kinput_cloud[m[K’?
  289 |     pass.filter(*[01;31m[Koutput_cloud[m[K);
      |                  [01;31m[K^~~~~~~~~~~~[m[K
      |                  [32m[Kinput_cloud[m[K
[01m[K/home/kiyi/lidar_slam_ws/src/lidar_slam/src/point_process.cpp:[m[K In member function ‘[01m[Kvoid PointCloudProcessor::process_pointcloud(const ConstPtr&)[m[K’:
[01m[K/home/kiyi/lidar_slam_ws/src/lidar_slam/src/point_process.cpp:529:39:[m[K [01;31m[Kerror: [m[Kcannot convert ‘[01m[Kpcl::PointXYZ[m[K’ to ‘[01m[Kpcl::PointCloud<pcl::PointXYZ>::Ptr&[m[K’ {aka ‘[01m[Kboost::shared_ptr<pcl::PointCloud<pcl::PointXYZ> >&[m[K’}
  529 |         filterPointCloudByField(cloud,[01;31m[Kcenter_point_map[m[K);
      |                                       [01;31m[K^~~~~~~~~~~~~~~~[m[K
      |                                       [01;31m[K|[m[K
      |                                       [01;31m[Kpcl::PointXYZ[m[K
[01m[K/home/kiyi/lidar_slam_ws/src/lidar_slam/src/point_process.cpp:243:88:[m[K [01;36m[Knote: [m[K  initializing argument 2 of ‘[01m[Kvoid PointCloudProcessor::filterPointCloudByField(const Ptr&, pcl::PointCloud<pcl::PointXYZ>::Ptr&)[m[K’
  243 |                                                   [01;36m[Kpcl::PointCloud<pcl::PointXYZ>::Ptr &output_cloud[m[K)
      |                                                   [01;36m[K~~~~~~~~~~~~~~~~~~~~~~~~~~~~~~~~~~~~~^~~~~~~~~~~~[m[K
[01m[K/home/kiyi/lidar_slam_ws/src/lidar_slam/src/point_process.cpp:537:52:[m[K [01;31m[Kerror: [m[Kinvalid initialization of reference of type ‘[01m[Kconst Vector3f&[m[K’ {aka ‘[01m[Kconst Eigen::Matrix<float, 3, 1>&[m[K’} from expression of type ‘[01m[Kpcl::PointXYZ[m[K’
  537 |     reality_transformation = computeTransformation([01;31m[Kcenter_point_map[m[K, center_point_current);
      |                                                    [01;31m[K^~~~~~~~~~~~~~~~[m[K
[01m[K/home/kiyi/lidar_slam_ws/src/lidar_slam/src/point_process.cpp:499:62:[m[K [01;36m[Knote: [m[Kin passing argument 1 of ‘[01m[KEigen::Matrix4f computeTransformation(const Vector3f&, const Vector3f&)[m[K’
  499 | Eigen::Matrix4f computeTransformation([01;36m[Kconst Eigen::Vector3f& point1[m[K, const Eigen::Vector3f& point2) {
      |                                       [01;36m[K~~~~~~~~~~~~~~~~~~~~~~~^~~~~~[m[K
make[2]: *** [CMakeFiles/lidar_slam.dir/build.make:76：CMakeFiles/lidar_slam.dir/src/point_process.cpp.o] 错误 1
make[1]: *** [CMakeFiles/Makefile2:2297：CMakeFiles/lidar_slam.dir/all] 错误 2
make: *** [Makefile:141：all] 错误 2
