[01m[K/home/kiyi/lidar_slam_ws/src/lidar_slam/src/point_process.cpp:243:6:[m[K [01;31m[Kerror: [m[Kdefault argument given for parameter 4 of ‘[01m[Kvoid PointCloudProcessor::filterPointCloudByField(const Ptr&, pcl::PointCloud<pcl::PointXYZ>::Ptr&, pcl::PointXYZ&, bool)[m[K’ [[01;31m[K-fpermissive[m[K]
  243 | void [01;31m[KPointCloudProcessor[m[K::filterPointCloudByField(const pcl::PointCloud<pcl::PointXYZ>::Ptr &input_cloud,
      |      [01;31m[K^~~~~~~~~~~~~~~~~~~[m[K
In file included from [01m[K/home/kiyi/lidar_slam_ws/src/lidar_slam/src/point_process.cpp:1[m[K:
[01m[K/home/kiyi/lidar_slam_ws/src/lidar_slam/include/point_process.h:77:10:[m[K [01;36m[Knote: [m[Kprevious specification in ‘[01m[Kvoid PointCloudProcessor::filterPointCloudByField(const Ptr&, pcl::PointCloud<pcl::PointXYZ>::Ptr&, pcl::PointXYZ&, bool)[m[K’ here
   77 |     void [01;36m[KfilterPointCloudByField[m[K(const pcl::PointCloud<pcl::PointXYZ>::Ptr &input_cloud,
      |          [01;36m[K^~~~~~~~~~~~~~~~~~~~~~~[m[K
[01m[K/home/kiyi/lidar_slam_ws/src/lidar_slam/src/point_process.cpp:[m[K In member function ‘[01m[Kvoid PointCloudProcessor::filterPointCloudByField(const Ptr&, pcl::PointCloud<pcl::PointXYZ>::Ptr&, pcl::PointXYZ&, bool)[m[K’:
[01m[K/home/kiyi/lidar_slam_ws/src/lidar_slam/src/point_process.cpp:298:19:[m[K [01;31m[Kerror: [m[Kdeclaration of ‘[01m[Kpcl::PointXYZ center_point[m[K’ shadows a parameter
  298 |     pcl::PointXYZ [01;31m[Kcenter_point[m[K;
      |                   [01;31m[K^~~~~~~~~~~~[m[K
[01m[K/home/kiyi/lidar_slam_ws/src/lidar_slam/src/point_process.cpp:302:12:[m[K [01;31m[Kerror: [m[Kreturn-statement with a value, in function returning ‘[01m[Kvoid[m[K’ [[01;31m[K-fpermissive[m[K]
  302 |     return [01;31m[Kcenter_point[m[K;
      |            [01;31m[K^~~~~~~~~~~~[m[K
[01m[K/home/kiyi/lidar_slam_ws/src/lidar_slam/src/point_process.cpp:[m[K In member function ‘[01m[Kvoid PointCloudProcessor::process_pointcloud(const ConstPtr&)[m[K’:
[01m[K/home/kiyi/lidar_slam_ws/src/lidar_slam/src/point_process.cpp:538:52:[m[K [01;31m[Kerror: [m[Kinvalid initialization of reference of type ‘[01m[Kconst Vector3f&[m[K’ {aka ‘[01m[Kconst Eigen::Matrix<float, 3, 1>&[m[K’} from expression of type ‘[01m[Kpcl::PointXYZ[m[K’
  538 |     reality_transformation = computeTransformation([01;31m[Kcenter_point_map[m[K, center_point_current);
      |                                                    [01;31m[K^~~~~~~~~~~~~~~~[m[K
[01m[K/home/kiyi/lidar_slam_ws/src/lidar_slam/src/point_process.cpp:498:62:[m[K [01;36m[Knote: [m[Kin passing argument 1 of ‘[01m[KEigen::Matrix4f computeTransformation(const Vector3f&, const Vector3f&)[m[K’
  498 | Eigen::Matrix4f computeTransformation([01;36m[Kconst Eigen::Vector3f& point1[m[K, const Eigen::Vector3f& point2) {
      |                                       [01;36m[K~~~~~~~~~~~~~~~~~~~~~~~^~~~~~[m[K
[01m[K/home/kiyi/lidar_slam_ws/src/lidar_slam/src/point_process.cpp:552:74:[m[K [01;31m[Kerror: [m[Kno matching function for call to ‘[01m[KPointCloudProcessor::filterPointCloudByField(pcl::PointCloud<pcl::PointXYZ>::Ptr&, pcl::PointCloud<pcl::PointXYZ>::Ptr&)[m[K’
  552 |     filterPointCloudByField(last_frame_points, last_frame_points_filtered[01;31m[K)[m[K;
      |                                                                          [01;31m[K^[m[K
[01m[K/home/kiyi/lidar_slam_ws/src/lidar_slam/src/point_process.cpp:243:6:[m[K [01;36m[Knote: [m[Kcandidate: ‘[01m[Kvoid PointCloudProcessor::filterPointCloudByField(const Ptr&, pcl::PointCloud<pcl::PointXYZ>::Ptr&, pcl::PointXYZ&, bool)[m[K’
  243 | void [01;36m[KPointCloudProcessor[m[K::filterPointCloudByField(const pcl::PointCloud<pcl::PointXYZ>::Ptr &input_cloud,
      |      [01;36m[K^~~~~~~~~~~~~~~~~~~[m[K
[01m[K/home/kiyi/lidar_slam_ws/src/lidar_slam/src/point_process.cpp:243:6:[m[K [01;36m[Knote: [m[K  candidate expects 4 arguments, 2 provided
[01m[K/home/kiyi/lidar_slam_ws/src/lidar_slam/src/point_process.cpp:553:80:[m[K [01;31m[Kerror: [m[Kno matching function for call to ‘[01m[KPointCloudProcessor::filterPointCloudByField(pcl::PointCloud<pcl::PointXYZ>::Ptr&, pcl::PointCloud<pcl::PointXYZ>::Ptr&)[m[K’
  553 |     filterPointCloudByField(current_frame_points, current_frame_points_filtered[01;31m[K)[m[K;
      |                                                                                [01;31m[K^[m[K
[01m[K/home/kiyi/lidar_slam_ws/src/lidar_slam/src/point_process.cpp:243:6:[m[K [01;36m[Knote: [m[Kcandidate: ‘[01m[Kvoid PointCloudProcessor::filterPointCloudByField(const Ptr&, pcl::PointCloud<pcl::PointXYZ>::Ptr&, pcl::PointXYZ&, bool)[m[K’
  243 | void [01;36m[KPointCloudProcessor[m[K::filterPointCloudByField(const pcl::PointCloud<pcl::PointXYZ>::Ptr &input_cloud,
      |      [01;36m[K^~~~~~~~~~~~~~~~~~~[m[K
[01m[K/home/kiyi/lidar_slam_ws/src/lidar_slam/src/point_process.cpp:243:6:[m[K [01;36m[Knote: [m[K  candidate expects 4 arguments, 2 provided
make[2]: *** [CMakeFiles/lidar_slam.dir/build.make:76：CMakeFiles/lidar_slam.dir/src/point_process.cpp.o] 错误 1
make[1]: *** [CMakeFiles/Makefile2:2297：CMakeFiles/lidar_slam.dir/all] 错误 2
make: *** [Makefile:141：all] 错误 2
