[01m[K/home/gongyou/Documents/01_slam/lidar_slam_ws/src/lidar_slam/src/point_process.cpp:[m[K In constructor ‘[01m[KPointCloudProcessor::PointCloudProcessor()[m[K’:
[01m[K/home/gongyou/Documents/01_slam/lidar_slam_ws/src/lidar_slam/src/point_process.cpp:6:5:[m[K [01;31m[Kerror: [m[K‘[01m[Kpc_icp_pub[m[K’ was not declared in this scope; did you mean ‘[01m[Kpc_gicp_pub[m[K’?
    6 |     [01;31m[Kpc_icp_pub[m[K = nh.advertise<sensor_msgs::PointCloud2>("/Icp_pointcloud", 10);
      |     [01;31m[K^~~~~~~~~~[m[K
      |     [32m[Kpc_gicp_pub[m[K
[01m[K/home/gongyou/Documents/01_slam/lidar_slam_ws/src/lidar_slam/src/point_process.cpp:7:5:[m[K [01;31m[Kerror: [m[K‘[01m[Kpc_ndt_pub[m[K’ was not declared in this scope; did you mean ‘[01m[Kpc_pub[m[K’?
    7 |     [01;31m[Kpc_ndt_pub[m[K = nh.advertise<sensor_msgs::PointCloud2>("/Ndt_pointcloud", 10);
      |     [01;31m[K^~~~~~~~~~[m[K
      |     [32m[Kpc_pub[m[K
[01m[K/home/gongyou/Documents/01_slam/lidar_slam_ws/src/lidar_slam/src/point_process.cpp:[m[K At global scope:
[01m[K/home/gongyou/Documents/01_slam/lidar_slam_ws/src/lidar_slam/src/point_process.cpp:13:6:[m[K [01;31m[Kerror: [m[Kno declaration matches ‘[01m[Kvoid PointCloudProcessor::publish_pointcloud(const Ptr&, const string&, ros::Publisher&)[m[K’
   13 | void [01;31m[KPointCloudProcessor[m[K::publish_pointcloud(const pcl::PointCloud<pcl::PointXYZ>::Ptr &points, const std::string &frame_id, ros::Publisher &pub)
      |      [01;31m[K^~~~~~~~~~~~~~~~~~~[m[K
[01m[K/home/gongyou/Documents/01_slam/lidar_slam_ws/src/lidar_slam/src/point_process.cpp:13:6:[m[K [01;36m[Knote: [m[Kno functions named ‘[01m[Kvoid PointCloudProcessor::publish_pointcloud(const Ptr&, const string&, ros::Publisher&)[m[K’
In file included from [01m[K/home/gongyou/Documents/01_slam/lidar_slam_ws/src/lidar_slam/src/point_process.cpp:1[m[K:
[01m[K/home/gongyou/Documents/01_slam/lidar_slam_ws/src/lidar_slam/include/point_process.h:14:7:[m[K [01;36m[Knote: [m[K‘[01m[Kclass PointCloudProcessor[m[K’ defined here
   14 | class [01;36m[KPointCloudProcessor[m[K
      |       [01;36m[K^~~~~~~~~~~~~~~~~~~[m[K
[01m[K/home/gongyou/Documents/01_slam/lidar_slam_ws/src/lidar_slam/src/point_process.cpp:[m[K In member function ‘[01m[Kvoid PointCloudProcessor::process_pointcloud(const ConstPtr&)[m[K’:
[01m[K/home/gongyou/Documents/01_slam/lidar_slam_ws/src/lidar_slam/src/point_process.cpp:60:5:[m[K [01;31m[Kerror: [m[K‘[01m[Kpublish_pointcloud[m[K’ was not declared in this scope; did you mean ‘[01m[Kprocess_pointcloud[m[K’?
   60 |     [01;31m[Kpublish_pointcloud[m[K(cloud_src, "map", pc_pub);
      |     [01;31m[K^~~~~~~~~~~~~~~~~~[m[K
      |     [32m[Kprocess_pointcloud[m[K
[01m[K/home/gongyou/Documents/01_slam/lidar_slam_ws/src/lidar_slam/src/point_process.cpp:83:42:[m[K [01;31m[Kerror: [m[K‘[01m[Kpc_icp_pub[m[K’ was not declared in this scope; did you mean ‘[01m[Kpc_gicp_pub[m[K’?
   83 |     publish_pointcloud(Final_icp, "map", [01;31m[Kpc_icp_pub[m[K);
      |                                          [01;31m[K^~~~~~~~~~[m[K
      |                                          [32m[Kpc_gicp_pub[m[K
[01m[K/home/gongyou/Documents/01_slam/lidar_slam_ws/src/lidar_slam/src/point_process.cpp:84:42:[m[K [01;31m[Kerror: [m[K‘[01m[Kpc_ndt_pub[m[K’ was not declared in this scope; did you mean ‘[01m[Kpc_pub[m[K’?
   84 |     publish_pointcloud(Final_ndt, "map", [01;31m[Kpc_ndt_pub[m[K);
      |                                          [01;31m[K^~~~~~~~~~[m[K
      |                                          [32m[Kpc_pub[m[K
make[2]: *** [CMakeFiles/lidar_slam.dir/build.make:76：CMakeFiles/lidar_slam.dir/src/point_process.cpp.o] 错误 1
make[1]: *** [CMakeFiles/Makefile2:2238：CMakeFiles/lidar_slam.dir/all] 错误 2
make: *** [Makefile:141：all] 错误 2
