[01m[K/home/gongyou/Documents/01_slam/lidar_slam_ws/src/lidar_slam/src/point_process.cpp:269:6:[m[K [01;31m[Kerror: [m[Kno declaration matches ‘[01m[Kbool PointCloudProcessor::filterPointCloudByField(const Ptr&, pcl::PointCloud<pcl::PointXYZ>::Ptr&)[m[K’
  269 | bool [01;31m[KPointCloudProcessor[m[K::filterPointCloudByField(const pcl::PointCloud<pcl::PointXYZ>::Ptr &input_cloud,
      |      [01;31m[K^~~~~~~~~~~~~~~~~~~[m[K
[01m[K/home/gongyou/Documents/01_slam/lidar_slam_ws/src/lidar_slam/src/point_process.cpp:269:6:[m[K [01;36m[Knote: [m[Kno functions named ‘[01m[Kbool PointCloudProcessor::filterPointCloudByField(const Ptr&, pcl::PointCloud<pcl::PointXYZ>::Ptr&)[m[K’
In file included from [01m[K/home/gongyou/Documents/01_slam/lidar_slam_ws/src/lidar_slam/src/point_process.cpp:1[m[K:
[01m[K/home/gongyou/Documents/01_slam/lidar_slam_ws/src/lidar_slam/include/point_process.h:30:7:[m[K [01;36m[Knote: [m[K‘[01m[Kclass PointCloudProcessor[m[K’ defined here
   30 | class [01;36m[KPointCloudProcessor[m[K
      |       [01;36m[K^~~~~~~~~~~~~~~~~~~[m[K
[01m[K/home/gongyou/Documents/01_slam/lidar_slam_ws/src/lidar_slam/src/point_process.cpp:289:6:[m[K [01;31m[Kerror: [m[Kno declaration matches ‘[01m[Kvoid PointCloudProcessor::projectPointCloudToXYPlane(pcl::PointCloud<pcl::PointXYZ>::Ptr&)[m[K’
  289 | void [01;31m[KPointCloudProcessor[m[K::projectPointCloudToXYPlane(pcl::PointCloud<pcl::PointXYZ>::Ptr &cloud)
      |      [01;31m[K^~~~~~~~~~~~~~~~~~~[m[K
[01m[K/home/gongyou/Documents/01_slam/lidar_slam_ws/src/lidar_slam/src/point_process.cpp:289:6:[m[K [01;36m[Knote: [m[Kno functions named ‘[01m[Kvoid PointCloudProcessor::projectPointCloudToXYPlane(pcl::PointCloud<pcl::PointXYZ>::Ptr&)[m[K’
In file included from [01m[K/home/gongyou/Documents/01_slam/lidar_slam_ws/src/lidar_slam/src/point_process.cpp:1[m[K:
[01m[K/home/gongyou/Documents/01_slam/lidar_slam_ws/src/lidar_slam/include/point_process.h:30:7:[m[K [01;36m[Knote: [m[K‘[01m[Kclass PointCloudProcessor[m[K’ defined here
   30 | class [01;36m[KPointCloudProcessor[m[K
      |       [01;36m[K^~~~~~~~~~~~~~~~~~~[m[K
[01m[K/home/gongyou/Documents/01_slam/lidar_slam_ws/src/lidar_slam/src/point_process.cpp:[m[K In member function ‘[01m[Kvoid PointCloudProcessor::process_pointcloud(const ConstPtr&)[m[K’:
[01m[K/home/gongyou/Documents/01_slam/lidar_slam_ws/src/lidar_slam/src/point_process.cpp:393:5:[m[K [01;31m[Kerror: [m[K‘[01m[KfilterPointCloudByField[m[K’ was not declared in this scope
  393 |     [01;31m[KfilterPointCloudByField[m[K(last_frame_points, last_frame_points_filtered);
      |     [01;31m[K^~~~~~~~~~~~~~~~~~~~~~~[m[K
[01m[K/home/gongyou/Documents/01_slam/lidar_slam_ws/src/lidar_slam/src/point_process.cpp:397:5:[m[K [01;31m[Kerror: [m[K‘[01m[KprojectPointCloudToXYPlane[m[K’ was not declared in this scope
  397 |     [01;31m[KprojectPointCloudToXYPlane[m[K(last_frame_points_filtered, last_frame_points_filtered);
      |     [01;31m[K^~~~~~~~~~~~~~~~~~~~~~~~~~[m[K
make[2]: *** [CMakeFiles/lidar_slam.dir/build.make:76：CMakeFiles/lidar_slam.dir/src/point_process.cpp.o] 错误 1
make[1]: *** [CMakeFiles/Makefile2:2238：CMakeFiles/lidar_slam.dir/all] 错误 2
make: *** [Makefile:141：all] 错误 2
