In file included from [01m[K/usr/local/include/g2o/solvers/csparse/csparse_helper.h:30[m[K,
                 from [01m[K/usr/local/include/g2o/solvers/csparse/linear_solver_csparse.h:32[m[K,
                 from [01m[K/home/kiyi/lidar_slam_ws/src/lidar_slam/include/point_process.h:35[m[K,
                 from [01m[K/home/kiyi/lidar_slam_ws/src/lidar_slam/src/point_process.cpp:1[m[K:
[01m[K/usr/local/include/g2o/solvers/csparse/csparse_extension.h:27:10:[m[K [01;31m[Kfatal error: [m[Kcs.h: æ²¡æœ‰é‚£ä¸ªæ–‡ä»¶æˆ–ç›®å½•
   27 | #include [01;31m[K<cs.h>[m[K
      |          [01;31m[K^~~~~~[m[K
compilation terminated.
In file included from [01m[K/usr/local/include/g2o/solvers/csparse/csparse_helper.h:30[m[K,
                 from [01m[K/usr/local/include/g2o/solvers/csparse/linear_solver_csparse.h:32[m[K,
                 from [01m[K/home/kiyi/lidar_slam_ws/src/lidar_slam/include/point_process.h:35[m[K,
                 from [01m[K/home/kiyi/lidar_slam_ws/src/lidar_slam/src/main.cpp:1[m[K:
[01m[K/usr/local/include/g2o/solvers/csparse/csparse_extension.h:27:10:[m[K [01;31m[Kfatal error: [m[Kcs.h: æ²¡æœ‰é‚£ä¸ªæ–‡ä»¶æˆ–ç›®å½•
   27 | #include [01;31m[K<cs.h>[m[K
      |          [01;31m[K^~~~~~[m[K
compilation terminated.
make[2]: *** [CMakeFiles/lidar_slam.dir/build.make:76ï¼šCMakeFiles/lidar_slam.dir/src/point_process.cpp.o] é”™è¯¯ 1
make[2]: *** æ­£åœ¨ç­‰å¾…æœªå®Œæˆçš„ä»»åŠ¡....
make[2]: *** [CMakeFiles/lidar_slam.dir/build.make:63ï¼šCMakeFiles/lidar_slam.dir/src/main.cpp.o] é”™è¯¯ 1
make[1]: *** [CMakeFiles/Makefile2:2297ï¼šCMakeFiles/lidar_slam.dir/all] é”™è¯¯ 2
make: *** [Makefile:141ï¼šall] é”™è¯¯ 2
