[01m[K/home/kiyi/lidar_slam_ws/src/lidar_slam/src/point_process.cpp:[m[K In function ‘[01m[Kvoid computeCenterPoint(const Ptr&, Eigen::Vector3f)[m[K’:
[01m[K/home/kiyi/lidar_slam_ws/src/lidar_slam/src/point_process.cpp:301:18:[m[K [01;31m[Kerror: [m[Kinvalid use of member function ‘[01m[KEigen::DenseCoeffsBase<Derived, 1>::Scalar& Eigen::DenseCoeffsBase<Derived, 1>::x() [with Derived = Eigen::Matrix<float, 3, 1>; Eigen::DenseCoeffsBase<Derived, 1>::Scalar = float][m[K’ (did you forget the ‘[01m[K()[m[K’ ?)
  301 |     [01;31m[Kcenter_point.x[m[K = centroid.x();
      |     [01;31m[K~~~~~~~~~~~~~^[m[K
      |                   [32m[K()[m[K
[01m[K/home/kiyi/lidar_slam_ws/src/lidar_slam/src/point_process.cpp:302:18:[m[K [01;31m[Kerror: [m[Kinvalid use of member function ‘[01m[KEigen::DenseCoeffsBase<Derived, 1>::Scalar& Eigen::DenseCoeffsBase<Derived, 1>::y() [with Derived = Eigen::Matrix<float, 3, 1>; Eigen::DenseCoeffsBase<Derived, 1>::Scalar = float][m[K’ (did you forget the ‘[01m[K()[m[K’ ?)
  302 |     [01;31m[Kcenter_point.y[m[K = centroid.y();
      |     [01;31m[K~~~~~~~~~~~~~^[m[K
      |                   [32m[K()[m[K
[01m[K/home/kiyi/lidar_slam_ws/src/lidar_slam/src/point_process.cpp:303:18:[m[K [01;31m[Kerror: [m[Kinvalid use of member function ‘[01m[KEigen::DenseCoeffsBase<Derived, 1>::Scalar& Eigen::DenseCoeffsBase<Derived, 1>::z() [with Derived = Eigen::Matrix<float, 3, 1>; Eigen::DenseCoeffsBase<Derived, 1>::Scalar = float][m[K’ (did you forget the ‘[01m[K()[m[K’ ?)
  303 |     [01;31m[Kcenter_point.z[m[K = centroid.z();
      |     [01;31m[K~~~~~~~~~~~~~^[m[K
      |                   [32m[K()[m[K
[01m[K/home/kiyi/lidar_slam_ws/src/lidar_slam/src/point_process.cpp:[m[K In member function ‘[01m[Kvoid PointCloudProcessor::process_pointcloud(const ConstPtr&)[m[K’:
[01m[K/home/kiyi/lidar_slam_ws/src/lidar_slam/src/point_process.cpp:529:34:[m[K [01;31m[Kerror: [m[Kcould not convert ‘[01m[K((PointCloudProcessor*)this)->PointCloudProcessor::center_point_map[m[K’ from ‘[01m[Kpcl::PointXYZ[m[K’ to ‘[01m[KEigen::Vector3f[m[K’ {aka ‘[01m[KEigen::Matrix<float, 3, 1>[m[K’}
  529 |         computeCenterPoint(cloud,[01;31m[Kcenter_point_map[m[K);
      |                                  [01;31m[K^~~~~~~~~~~~~~~~[m[K
      |                                  [01;31m[K|[m[K
      |                                  [01;31m[Kpcl::PointXYZ[m[K
[01m[K/home/kiyi/lidar_slam_ws/src/lidar_slam/src/point_process.cpp:536:31:[m[K [01;31m[Kerror: [m[Kcould not convert ‘[01m[K((PointCloudProcessor*)this)->PointCloudProcessor::center_point_current[m[K’ from ‘[01m[Kpcl::PointXYZ[m[K’ to ‘[01m[KEigen::Vector3f[m[K’ {aka ‘[01m[KEigen::Matrix<float, 3, 1>[m[K’}
  536 |     computeCenterPoint(cloud ,[01;31m[Kcenter_point_current[m[K);
      |                               [01;31m[K^~~~~~~~~~~~~~~~~~~~[m[K
      |                               [01;31m[K|[m[K
      |                               [01;31m[Kpcl::PointXYZ[m[K
[01m[K/home/kiyi/lidar_slam_ws/src/lidar_slam/src/point_process.cpp:537:52:[m[K [01;31m[Kerror: [m[Kinvalid initialization of reference of type ‘[01m[Kconst Vector3f&[m[K’ {aka ‘[01m[Kconst Eigen::Matrix<float, 3, 1>&[m[K’} from expression of type ‘[01m[Kpcl::PointXYZ[m[K’
  537 |     reality_transformation = computeTransformation([01;31m[Kcenter_point_map[m[K, center_point_current);
      |                                                    [01;31m[K^~~~~~~~~~~~~~~~[m[K
[01m[K/home/kiyi/lidar_slam_ws/src/lidar_slam/src/point_process.cpp:499:62:[m[K [01;36m[Knote: [m[Kin passing argument 1 of ‘[01m[KEigen::Matrix4f computeTransformation(const Vector3f&, const Vector3f&)[m[K’
  499 | Eigen::Matrix4f computeTransformation([01;36m[Kconst Eigen::Vector3f& point1[m[K, const Eigen::Vector3f& point2) {
      |                                       [01;36m[K~~~~~~~~~~~~~~~~~~~~~~~^~~~~~[m[K
make[2]: *** [CMakeFiles/lidar_slam.dir/build.make:76：CMakeFiles/lidar_slam.dir/src/point_process.cpp.o] 错误 1
make[1]: *** [CMakeFiles/Makefile2:2297：CMakeFiles/lidar_slam.dir/all] 错误 2
make: *** [Makefile:141：all] 错误 2
