[01m[K/home/kiyi/lidar_slam_ws/src/lidar_slam/src/point_process.cpp:371:6:[m[K [01;31m[Kerror: [m[Kno declaration matches ‘[01m[Kvoid PointCloudProcessor::optimizeAndPublishAll(const string&)[m[K’
  371 | void [01;31m[KPointCloudProcessor[m[K::optimizeAndPublishAll(const std::string &filename)
      |      [01;31m[K^~~~~~~~~~~~~~~~~~~[m[K
In file included from [01m[K/home/kiyi/lidar_slam_ws/src/lidar_slam/src/point_process.cpp:1[m[K:
[01m[K/home/kiyi/lidar_slam_ws/src/lidar_slam/include/point_process.h:66:10:[m[K [01;36m[Knote: [m[Kcandidate is: ‘[01m[Kvoid PointCloudProcessor::optimizeAndPublishAll()[m[K’
   66 |     void [01;36m[KoptimizeAndPublishAll[m[K();
      |          [01;36m[K^~~~~~~~~~~~~~~~~~~~~[m[K
[01m[K/home/kiyi/lidar_slam_ws/src/lidar_slam/include/point_process.h:49:7:[m[K [01;36m[Knote: [m[K‘[01m[Kclass PointCloudProcessor[m[K’ defined here
   49 | class [01;36m[KPointCloudProcessor[m[K
      |       [01;36m[K^~~~~~~~~~~~~~~~~~~[m[K
[01m[K/home/kiyi/lidar_slam_ws/src/lidar_slam/src/point_process.cpp:384:6:[m[K [01;31m[Kerror: [m[Kno declaration matches ‘[01m[Kvoid PointCloudProcessor::updateAndPublishRecent(const string&)[m[K’
  384 | void [01;31m[KPointCloudProcessor[m[K::updateAndPublishRecent(const std::string &filename)
      |      [01;31m[K^~~~~~~~~~~~~~~~~~~[m[K
In file included from [01m[K/home/kiyi/lidar_slam_ws/src/lidar_slam/src/point_process.cpp:1[m[K:
[01m[K/home/kiyi/lidar_slam_ws/src/lidar_slam/include/point_process.h:67:10:[m[K [01;36m[Knote: [m[Kcandidate is: ‘[01m[Kvoid PointCloudProcessor::updateAndPublishRecent()[m[K’
   67 |     void [01;36m[KupdateAndPublishRecent[m[K();
      |          [01;36m[K^~~~~~~~~~~~~~~~~~~~~~[m[K
[01m[K/home/kiyi/lidar_slam_ws/src/lidar_slam/include/point_process.h:49:7:[m[K [01;36m[Knote: [m[K‘[01m[Kclass PointCloudProcessor[m[K’ defined here
   49 | class [01;36m[KPointCloudProcessor[m[K
      |       [01;36m[K^~~~~~~~~~~~~~~~~~~[m[K
[01m[K/home/kiyi/lidar_slam_ws/src/lidar_slam/src/point_process.cpp:398:6:[m[K [01;31m[Kerror: [m[Kno declaration matches ‘[01m[Kvoid PointCloudProcessor::handleBuffers(const string&)[m[K’
  398 | void [01;31m[KPointCloudProcessor[m[K::handleBuffers(const std::string &filename)
      |      [01;31m[K^~~~~~~~~~~~~~~~~~~[m[K
In file included from [01m[K/home/kiyi/lidar_slam_ws/src/lidar_slam/src/point_process.cpp:1[m[K:
[01m[K/home/kiyi/lidar_slam_ws/src/lidar_slam/include/point_process.h:65:10:[m[K [01;36m[Knote: [m[Kcandidate is: ‘[01m[Kvoid PointCloudProcessor::handleBuffers()[m[K’
   65 |     void [01;36m[KhandleBuffers[m[K();
      |          [01;36m[K^~~~~~~~~~~~~[m[K
[01m[K/home/kiyi/lidar_slam_ws/src/lidar_slam/include/point_process.h:49:7:[m[K [01;36m[Knote: [m[K‘[01m[Kclass PointCloudProcessor[m[K’ defined here
   49 | class [01;36m[KPointCloudProcessor[m[K
      |       [01;36m[K^~~~~~~~~~~~~~~~~~~[m[K
[01m[K/home/kiyi/lidar_slam_ws/src/lidar_slam/src/point_process.cpp:[m[K In member function ‘[01m[Kvoid PointCloudProcessor::process_pointcloud(const ConstPtr&)[m[K’:
[01m[K/home/kiyi/lidar_slam_ws/src/lidar_slam/src/point_process.cpp:440:40:[m[K [01;31m[Kerror: [m[Kno matching function for call to ‘[01m[KPointCloudProcessor::handleBuffers(const char [20])[m[K’
  440 |     handleBuffers("test_trajectory.csv"[01;31m[K)[m[K;
      |                                        [01;31m[K^[m[K
In file included from [01m[K/home/kiyi/lidar_slam_ws/src/lidar_slam/src/point_process.cpp:1[m[K:
[01m[K/home/kiyi/lidar_slam_ws/src/lidar_slam/include/point_process.h:65:10:[m[K [01;36m[Knote: [m[Kcandidate: ‘[01m[Kvoid PointCloudProcessor::handleBuffers()[m[K’
   65 |     void [01;36m[KhandleBuffers[m[K();
      |          [01;36m[K^~~~~~~~~~~~~[m[K
[01m[K/home/kiyi/lidar_slam_ws/src/lidar_slam/include/point_process.h:65:10:[m[K [01;36m[Knote: [m[K  candidate expects 0 arguments, 1 provided
make[2]: *** [CMakeFiles/lidar_slam.dir/build.make:76：CMakeFiles/lidar_slam.dir/src/point_process.cpp.o] 错误 1
make[1]: *** [CMakeFiles/Makefile2:2297：CMakeFiles/lidar_slam.dir/all] 错误 2
make: *** [Makefile:141：all] 错误 2
